<?xml version="1.0" encoding="utf-8"?><testsuites name="pytest tests"><testsuite name="pytest" errors="0" failures="0" skipped="0" tests="7" time="0.701" timestamp="2026-06-12T10:36:31.485586+00:00" hostname="agent-env-3b3a3c10-1df7-4c26-91f8-fce01cb0853e"><testcase classname="backend.tests.test_sirosoft_api" name="test_api_root" time="0.222" /><testcase classname="backend.tests.test_sirosoft_api" name="test_contact_create_valid" time="0.050" /><testcase classname="backend.tests.test_sirosoft_api" name="test_contact_minimum_required_fields" time="0.044" /><testcase classname="backend.tests.test_sirosoft_api" name="test_contact_invalid_email" time="0.045" /><testcase classname="backend.tests.test_sirosoft_api" name="test_contact_missing_required" time="0.046" /><testcase classname="backend.tests.test_sirosoft_api" name="test_contact_empty_required_strings" time="0.059" /><testcase classname="backend.tests.test_sirosoft_api" name="test_contact_list_persistence" time="0.089" /></testsuite></testsuites>